# JRE version: OpenJDK Runtime Environment (8.0_112-b06) (build 1.8.0_112-release-b06)
# Java VM: OpenJDK 64-Bit Server VM (25.112-b06 mixed mode windows-amd64 compressed oops)
Heap:
 PSYoungGen      total 261632K, used 73608K [0x00000000e0000000, 0x00000000f4200000, 0x0000000100000000)
  eden space 209920K, 30% used [0x00000000e0000000,0x00000000e3ed0100,0x00000000ecd00000)
  from space 51712K, 17% used [0x00000000f0f80000,0x00000000f18922a8,0x00000000f4200000)
  to   space 59904K, 0% used [0x00000000ecd00000,0x00000000ecd00000,0x00000000f0780000)
 ParOldGen       total 169472K, used 131266K [0x00000000a0000000, 0x00000000aa580000, 0x00000000e0000000)
  object space 169472K, 77% used [0x00000000a0000000,0x00000000a80308f8,0x00000000aa580000)
 Metaspace       used 77916K, capacity 84799K, committed 84864K, reserved 1124352K
  class space    used 9914K, capacity 10856K, committed 10880K, reserved 1048576K
GC Heap History (10 events):
Event: 7105.953 GC heap before
{Heap before GC invocations=53 (full 3):
 PSYoungGen      total 256000K, used 220009K [0x00000000e0000000, 0x00000000f4f80000, 0x0000000100000000)
  eden space 186880K, 100% used [0x00000000e0000000,0x00000000eb680000,0x00000000eb680000)
  from space 69120K, 47% used [0x00000000eb680000,0x00000000ed6da6b0,0x00000000efa00000)
  to   space 67072K, 0% used [0x00000000f0e00000,0x00000000f0e00000,0x00000000f4f80000)
 ParOldGen       total 169472K, used 130858K [0x00000000a0000000, 0x00000000aa580000, 0x00000000e0000000)
  object space 169472K, 77% used [0x00000000a0000000,0x00000000a7fca8c8,0x00000000aa580000)
 Metaspace       used 77592K, capacity 84331K, committed 84608K, reserved 1122304K
  class space    used 9890K, capacity 10832K, committed 10880K, reserved 1048576K
Event: 7105.966 GC heap after
Heap after GC invocations=53 (full 3):
 PSYoungGen      total 270336K, used 9032K [0x00000000e0000000, 0x00000000f4c00000, 0x0000000100000000)
  eden space 206848K, 0% used [0x00000000e0000000,0x00000000e0000000,0x00000000eca00000)
  from space 63488K, 14% used [0x00000000f0e00000,0x00000000f16d22a8,0x00000000f4c00000)
  to   space 66560K, 0% used [0x00000000eca00000,0x00000000eca00000,0x00000000f0b00000)
 ParOldGen       total 169472K, used 131006K [0x00000000a0000000, 0x00000000aa580000, 0x00000000e0000000)
  object space 169472K, 77% used [0x00000000a0000000,0x00000000a7fef8d8,0x00000000aa580000)
 Metaspace       used 77592K, capacity 84331K, committed 84608K, reserved 1122304K
  class space    used 9890K, capacity 10832K, committed 10880K, reserved 1048576K
}
Event: 7111.316 GC heap before
{Heap before GC invocations=54 (full 3):
 PSYoungGen      total 270336K, used 215880K [0x00000000e0000000, 0x00000000f4c00000, 0x0000000100000000)
  eden space 206848K, 100% used [0x00000000e0000000,0x00000000eca00000,0x00000000eca00000)
  from space 63488K, 14% used [0x00000000f0e00000,0x00000000f16d22a8,0x00000000f4c00000)
  to   space 66560K, 0% used [0x00000000eca00000,0x00000000eca00000,0x00000000f0b00000)
 ParOldGen       total 169472K, used 131006K [0x00000000a0000000, 0x00000000aa580000, 0x00000000e0000000)
  object space 169472K, 77% used [0x00000000a0000000,0x00000000a7fef8d8,0x00000000aa580000)
 Metaspace       used 77629K, capacity 84331K, committed 84608K, reserved 1122304K
  class space    used 9890K, capacity 10832K, committed 10880K, reserved 1048576K
Event: 7111.350 GC heap after
Heap after GC invocations=54 (full 3):
 PSYoungGen      total 273408K, used 28583K [0x00000000e0000000, 0x00000000f5980000, 0x0000000100000000)
  eden space 206848K, 0% used [0x00000000e0000000,0x00000000e0000000,0x00000000eca00000)
  from space 66560K, 42% used [0x00000000eca00000,0x00000000ee5e9d50,0x00000000f0b00000)
  to   space 63488K, 0% used [0x00000000f1b80000,0x00000000f1b80000,0x00000000f5980000)
 ParOldGen       total 169472K, used 131070K [0x00000000a0000000, 0x00000000aa580000, 0x00000000e0000000)
  object space 169472K, 77% used [0x00000000a0000000,0x00000000a7fff8d8,0x00000000aa580000)
 Metaspace       used 77629K, capacity 84331K, committed 84608K, reserved 1122304K
  class space    used 9890K, capacity 10832K, committed 10880K, reserved 1048576K
}
Event: 7185.105 GC heap before
{Heap before GC invocations=55 (full 3):
 PSYoungGen      total 273408K, used 235431K [0x00000000e0000000, 0x00000000f5980000, 0x0000000100000000)
  eden space 206848K, 100% used [0x00000000e0000000,0x00000000eca00000,0x00000000eca00000)
  from space 66560K, 42% used [0x00000000eca00000,0x00000000ee5e9d50,0x00000000f0b00000)
  to   space 63488K, 0% used [0x00000000f1b80000,0x00000000f1b80000,0x00000000f5980000)
 ParOldGen       total 169472K, used 131070K [0x00000000a0000000, 0x00000000aa580000, 0x00000000e0000000)
  object space 169472K, 77% used [0x00000000a0000000,0x00000000a7fff8d8,0x00000000aa580000)
 Metaspace       used 77712K, capacity 84491K, committed 84608K, reserved 1122304K
  class space    used 9899K, capacity 10840K, committed 10880K, reserved 1048576K
Event: 7185.122 GC heap after
Heap after GC invocations=55 (full 3):
 PSYoungGen      total 283136K, used 9128K [0x00000000e0000000, 0x00000000f5500000, 0x0000000100000000)
  eden space 224256K, 0% used [0x00000000e0000000,0x00000000e0000000,0x00000000edb00000)
  from space 58880K, 15% used [0x00000000f1b80000,0x00000000f246a2b8,0x00000000f5500000)
  to   space 62464K, 0% used [0x00000000edb00000,0x00000000edb00000,0x00000000f1800000)
 ParOldGen       total 169472K, used 131078K [0x00000000a0000000, 0x00000000aa580000, 0x00000000e0000000)
  object space 169472K, 77% used [0x00000000a0000000,0x00000000a80018d8,0x00000000aa580000)
 Metaspace       used 77712K, capacity 84491K, committed 84608K, reserved 1122304K
  class space    used 9899K, capacity 10840K, committed 10880K, reserved 1048576K
}
Event: 7192.631 GC heap before
{Heap before GC invocations=56 (full 3):
 PSYoungGen      total 283136K, used 233384K [0x00000000e0000000, 0x00000000f5500000, 0x0000000100000000)
  eden space 224256K, 100% used [0x00000000e0000000,0x00000000edb00000,0x00000000edb00000)
  from space 58880K, 15% used [0x00000000f1b80000,0x00000000f246a2b8,0x00000000f5500000)
  to   space 62464K, 0% used [0x00000000edb00000,0x00000000edb00000,0x00000000f1800000)
 ParOldGen       total 169472K, used 131078K [0x00000000a0000000, 0x00000000aa580000, 0x00000000e0000000)
  object space 169472K, 77% used [0x00000000a0000000,0x00000000a80018d8,0x00000000aa580000)
 Metaspace       used 77777K, capacity 84555K, committed 84608K, reserved 1122304K
  class space    used 9899K, capacity 10840K, committed 10880K, reserved 1048576K
Event: 7192.665 GC heap after
Heap after GC invocations=56 (full 3):
 PSYoungGen      total 247296K, used 29998K [0x00000000e0000000, 0x00000000f4b00000, 0x0000000100000000)
  eden space 217088K, 0% used [0x00000000e0000000,0x00000000e0000000,0x00000000ed400000)
  from space 30208K, 99% used [0x00000000edb00000,0x00000000ef84bb20,0x00000000ef880000)
  to   space 60928K, 0% used [0x00000000f0f80000,0x00000000f0f80000,0x00000000f4b00000)
 ParOldGen       total 169472K, used 131170K [0x00000000a0000000, 0x00000000aa580000, 0x00000000e0000000)
  object space 169472K, 77% used [0x00000000a0000000,0x00000000a80188e8,0x00000000aa580000)
 Metaspace       used 77777K, capacity 84555K, committed 84608K, reserved 1122304K
  class space    used 9899K, capacity 10840K, committed 10880K, reserved 1048576K
}
Event: 7246.304 GC heap before
{Heap before GC invocations=57 (full 3):
 PSYoungGen      total 247296K, used 247086K [0x00000000e0000000, 0x00000000f4b00000, 0x0000000100000000)
  eden space 217088K, 100% used [0x00000000e0000000,0x00000000ed400000,0x00000000ed400000)
  from space 30208K, 99% used [0x00000000edb00000,0x00000000ef84bb20,0x00000000ef880000)
  to   space 60928K, 0% used [0x00000000f0f80000,0x00000000f0f80000,0x00000000f4b00000)
 ParOldGen       total 169472K, used 131170K [0x00000000a0000000, 0x00000000aa580000, 0x00000000e0000000)
  object space 169472K, 77% used [0x00000000a0000000,0x00000000a80188e8,0x00000000aa580000)
 Metaspace       used 77881K, capacity 84711K, committed 84864K, reserved 1124352K
  class space    used 9906K, capacity 10848K, committed 10880K, reserved 1048576K
Event: 7246.317 GC heap after
Heap after GC invocations=57 (full 3):
 PSYoungGen      total 261632K, used 9288K [0x00000000e0000000, 0x00000000f4200000, 0x0000000100000000)
  eden space 209920K, 0% used [0x00000000e0000000,0x00000000e0000000,0x00000000ecd00000)
  from space 51712K, 17% used [0x00000000f0f80000,0x00000000f18922a8,0x00000000f4200000)
  to   space 59904K, 0% used [0x00000000ecd00000,0x00000000ecd00000,0x00000000f0780000)
 ParOldGen       total 169472K, used 131266K [0x00000000a0000000, 0x00000000aa580000, 0x00000000e0000000)
  object space 169472K, 77% used [0x00000000a0000000,0x00000000a80308f8,0x00000000aa580000)
 Metaspace       used 77881K, capacity 84711K, committed 84864K, reserved 1124352K
  class space    used 9906K, capacity 10848K, committed 10880K, reserved 1048576K
}

