# JRE version: OpenJDK Runtime Environment (8.0_112-b06) (build 1.8.0_112-release-b06)
# Java VM: OpenJDK 64-Bit Server VM (25.112-b06 mixed mode windows-amd64 compressed oops)
Heap:
 PSYoungGen      total 188416K, used 127117K [0x00000000e0000000, 0x00000000ee300000, 0x0000000100000000)
  eden space 153088K, 83% used [0x00000000e0000000,0x00000000e7c237d8,0x00000000e9580000)
  from space 35328K, 0% used [0x00000000eb880000,0x00000000eb880000,0x00000000edb00000)
  to   space 35840K, 0% used [0x00000000e9580000,0x00000000e9580000,0x00000000eb880000)
 ParOldGen       total 141312K, used 31711K [0x00000000a0000000, 0x00000000a8a00000, 0x00000000e0000000)
  object space 141312K, 22% used [0x00000000a0000000,0x00000000a1ef7cb8,0x00000000a8a00000)
 Metaspace       used 69100K, capacity 71376K, committed 71424K, reserved 1112064K
  class space    used 8508K, capacity 8922K, committed 8960K, reserved 1048576K
GC Heap History (10 events):
Event: 36.874 GC heap before
{Heap before GC invocations=17 (full 2):
 PSYoungGen      total 130560K, used 130545K [0x00000000e0000000, 0x00000000e9e00000, 0x0000000100000000)
  eden space 113152K, 100% used [0x00000000e0000000,0x00000000e6e80000,0x00000000e6e80000)
  from space 17408K, 99% used [0x00000000e8400000,0x00000000e94fc730,0x00000000e9500000)
  to   space 22016K, 0% used [0x00000000e6e80000,0x00000000e6e80000,0x00000000e8400000)
 ParOldGen       total 102400K, used 30932K [0x00000000a0000000, 0x00000000a6400000, 0x00000000e0000000)
  object space 102400K, 30% used [0x00000000a0000000,0x00000000a1e35128,0x00000000a6400000)
 Metaspace       used 54693K, capacity 56650K, committed 56832K, reserved 1097728K
  class space    used 7223K, capacity 7629K, committed 7680K, reserved 1048576K
Event: 36.904 GC heap after
Heap after GC invocations=17 (full 2):
 PSYoungGen      total 135168K, used 21998K [0x00000000e0000000, 0x00000000ebd80000, 0x0000000100000000)
  eden space 113152K, 0% used [0x00000000e0000000,0x00000000e0000000,0x00000000e6e80000)
  from space 22016K, 99% used [0x00000000e6e80000,0x00000000e83fb818,0x00000000e8400000)
  to   space 28672K, 0% used [0x00000000ea180000,0x00000000ea180000,0x00000000ebd80000)
 ParOldGen       total 102400K, used 39643K [0x00000000a0000000, 0x00000000a6400000, 0x00000000e0000000)
  object space 102400K, 38% used [0x00000000a0000000,0x00000000a26b6fd0,0x00000000a6400000)
 Metaspace       used 54693K, capacity 56650K, committed 56832K, reserved 1097728K
  class space    used 7223K, capacity 7629K, committed 7680K, reserved 1048576K
}
Event: 38.042 GC heap before
{Heap before GC invocations=18 (full 2):
 PSYoungGen      total 135168K, used 135150K [0x00000000e0000000, 0x00000000ebd80000, 0x0000000100000000)
  eden space 113152K, 100% used [0x00000000e0000000,0x00000000e6e80000,0x00000000e6e80000)
  from space 22016K, 99% used [0x00000000e6e80000,0x00000000e83fb818,0x00000000e8400000)
  to   space 28672K, 0% used [0x00000000ea180000,0x00000000ea180000,0x00000000ebd80000)
 ParOldGen       total 102400K, used 39643K [0x00000000a0000000, 0x00000000a6400000, 0x00000000e0000000)
  object space 102400K, 38% used [0x00000000a0000000,0x00000000a26b6fd0,0x00000000a6400000)
 Metaspace       used 54852K, capacity 56842K, committed 57088K, reserved 1099776K
  class space    used 7225K, capacity 7629K, committed 7680K, reserved 1048576K
Event: 38.076 GC heap after
Heap after GC invocations=18 (full 2):
 PSYoungGen      total 159744K, used 28666K [0x00000000e0000000, 0x00000000ed300000, 0x0000000100000000)
  eden space 131072K, 0% used [0x00000000e0000000,0x00000000e0000000,0x00000000e8000000)
  from space 28672K, 99% used [0x00000000ea180000,0x00000000ebd7e828,0x00000000ebd80000)
  to   space 34304K, 0% used [0x00000000e8000000,0x00000000e8000000,0x00000000ea180000)
 ParOldGen       total 102400K, used 43046K [0x00000000a0000000, 0x00000000a6400000, 0x00000000e0000000)
  object space 102400K, 42% used [0x00000000a0000000,0x00000000a2a09978,0x00000000a6400000)
 Metaspace       used 54852K, capacity 56842K, committed 57088K, reserved 1099776K
  class space    used 7225K, capacity 7629K, committed 7680K, reserved 1048576K
}
Event: 322.827 GC heap before
{Heap before GC invocations=19 (full 2):
 PSYoungGen      total 159744K, used 159738K [0x00000000e0000000, 0x00000000ed300000, 0x0000000100000000)
  eden space 131072K, 100% used [0x00000000e0000000,0x00000000e8000000,0x00000000e8000000)
  from space 28672K, 99% used [0x00000000ea180000,0x00000000ebd7e828,0x00000000ebd80000)
  to   space 34304K, 0% used [0x00000000e8000000,0x00000000e8000000,0x00000000ea180000)
 ParOldGen       total 102400K, used 43046K [0x00000000a0000000, 0x00000000a6400000, 0x00000000e0000000)
  object space 102400K, 42% used [0x00000000a0000000,0x00000000a2a09978,0x00000000a6400000)
 Metaspace       used 56721K, capacity 58646K, committed 58752K, reserved 1099776K
  class space    used 7362K, capacity 7773K, committed 7808K, reserved 1048576K
Event: 322.851 GC heap after
Heap after GC invocations=19 (full 2):
 PSYoungGen      total 165376K, used 23439K [0x00000000e0000000, 0x00000000edb00000, 0x0000000100000000)
  eden space 131072K, 0% used [0x00000000e0000000,0x00000000e0000000,0x00000000e8000000)
  from space 34304K, 68% used [0x00000000e8000000,0x00000000e96e3d20,0x00000000ea180000)
  to   space 35328K, 0% used [0x00000000eb880000,0x00000000eb880000,0x00000000edb00000)
 ParOldGen       total 102400K, used 43054K [0x00000000a0000000, 0x00000000a6400000, 0x00000000e0000000)
  object space 102400K, 42% used [0x00000000a0000000,0x00000000a2a0b978,0x00000000a6400000)
 Metaspace       used 56721K, capacity 58646K, committed 58752K, reserved 1099776K
  class space    used 7362K, capacity 7773K, committed 7808K, reserved 1048576K
}
Event: 323.701 GC heap before
{Heap before GC invocations=20 (full 2):
 PSYoungGen      total 165376K, used 83330K [0x00000000e0000000, 0x00000000edb00000, 0x0000000100000000)
  eden space 131072K, 45% used [0x00000000e0000000,0x00000000e3a7cbe0,0x00000000e8000000)
  from space 34304K, 68% used [0x00000000e8000000,0x00000000e96e3d20,0x00000000ea180000)
  to   space 35328K, 0% used [0x00000000eb880000,0x00000000eb880000,0x00000000edb00000)
 ParOldGen       total 102400K, used 43054K [0x00000000a0000000, 0x00000000a6400000, 0x00000000e0000000)
  object space 102400K, 42% used [0x00000000a0000000,0x00000000a2a0b978,0x00000000a6400000)
 Metaspace       used 57180K, capacity 59144K, committed 59160K, reserved 1101824K
  class space    used 7393K, capacity 7794K, committed 7808K, reserved 1048576K
Event: 323.732 GC heap after
Heap after GC invocations=20 (full 2):
 PSYoungGen      total 188416K, used 21029K [0x00000000e0000000, 0x00000000ee300000, 0x0000000100000000)
  eden space 153088K, 0% used [0x00000000e0000000,0x00000000e0000000,0x00000000e9580000)
  from space 35328K, 59% used [0x00000000eb880000,0x00000000ecd097f0,0x00000000edb00000)
  to   space 35840K, 0% used [0x00000000e9580000,0x00000000e9580000,0x00000000eb880000)
 ParOldGen       total 102400K, used 43062K [0x00000000a0000000, 0x00000000a6400000, 0x00000000e0000000)
  object space 102400K, 42% used [0x00000000a0000000,0x00000000a2a0d978,0x00000000a6400000)
 Metaspace       used 57180K, capacity 59144K, committed 59160K, reserved 1101824K
  class space    used 7393K, capacity 7794K, committed 7808K, reserved 1048576K
}
Event: 323.732 GC heap before
{Heap before GC invocations=21 (full 3):
 PSYoungGen      total 188416K, used 21029K [0x00000000e0000000, 0x00000000ee300000, 0x0000000100000000)
  eden space 153088K, 0% used [0x00000000e0000000,0x00000000e0000000,0x00000000e9580000)
  from space 35328K, 59% used [0x00000000eb880000,0x00000000ecd097f0,0x00000000edb00000)
  to   space 35840K, 0% used [0x00000000e9580000,0x00000000e9580000,0x00000000eb880000)
 ParOldGen       total 102400K, used 43062K [0x00000000a0000000, 0x00000000a6400000, 0x00000000e0000000)
  object space 102400K, 42% used [0x00000000a0000000,0x00000000a2a0d978,0x00000000a6400000)
 Metaspace       used 57180K, capacity 59144K, committed 59160K, reserved 1101824K
  class space    used 7393K, capacity 7794K, committed 7808K, reserved 1048576K
Event: 324.033 GC heap after
Heap after GC invocations=21 (full 3):
 PSYoungGen      total 188416K, used 0K [0x00000000e0000000, 0x00000000ee300000, 0x0000000100000000)
  eden space 153088K, 0% used [0x00000000e0000000,0x00000000e0000000,0x00000000e9580000)
  from space 35328K, 0% used [0x00000000eb880000,0x00000000eb880000,0x00000000edb00000)
  to   space 35840K, 0% used [0x00000000e9580000,0x00000000e9580000,0x00000000eb880000)
 ParOldGen       total 141312K, used 31711K [0x00000000a0000000, 0x00000000a8a00000, 0x00000000e0000000)
  object space 141312K, 22% used [0x00000000a0000000,0x00000000a1ef7cb8,0x00000000a8a00000)
 Metaspace       used 57179K, capacity 59138K, committed 59160K, reserved 1101824K
  class space    used 7392K, capacity 7793K, committed 7808K, reserved 1048576K
}

